빌드 시작: 2013-04-20 오후 6:41:37
     1>2 노드의 "D:\Project\C++\WowPad\WowDriver\WowDriver.vcxproj" 프로젝트(Build 대상)입니다.
     1>ClCompile:
         C:\Program Files (x86)\Microsoft Visual Studio 11.0\VC\bin\CL.exe /c /ZI /nologo /W3 /WX- /sdl /Od /Oy- /D WIN32 /D _DEBUG /D _WINDOWS /D _USRDLL /D WOWDRIVER_EXPORTS /D _WINDLL /D _UNICODE /D UNICODE /Gm /EHsc /RTC1 /MDd /GS /fp:precise /Zc:wchar_t /Zc:forScope /Yc"stdafx.h" /Fp"Debug\WowDriver.pch" /Fo"Debug\\" /Fd"Debug\vc110.pdb" /Gd /TP /analyze- /errorReport:prompt stdafx.cpp
         stdafx.cpp
         C:\Program Files (x86)\Microsoft Visual Studio 11.0\VC\bin\CL.exe /c /ZI /nologo /W3 /WX- /sdl /Od /Oy- /D WIN32 /D _DEBUG /D _WINDOWS /D _USRDLL /D WOWDRIVER_EXPORTS /D _WINDLL /D _UNICODE /D UNICODE /Gm /EHsc /RTC1 /MDd /GS /fp:precise /Zc:wchar_t /Zc:forScope /Fo"Debug\\" /Fd"Debug\vc110.pdb" /Gd /TP /analyze- /errorReport:prompt dllmain.cpp
         dllmain.cpp
         C:\Program Files (x86)\Microsoft Visual Studio 11.0\VC\bin\CL.exe /c /ZI /nologo /W3 /WX- /sdl /Od /Oy- /D WIN32 /D _DEBUG /D _WINDOWS /D _USRDLL /D WOWDRIVER_EXPORTS /D _WINDLL /D _UNICODE /D UNICODE /Gm /EHsc /RTC1 /MDd /GS /fp:precise /Zc:wchar_t /Zc:forScope /Yu"stdafx.h" /Fp"Debug\WowDriver.pch" /Fo"Debug\\" /Fd"Debug\vc110.pdb" /Gd /TP /analyze- /errorReport:prompt WowDriver.cpp vmulticlient.cpp
         vmulticlient.cpp
         WowDriver.cpp
     1>d:\project\c++\wowpad\wowdriver\wowdriver.cpp(336): warning C4244: '초기화 중' : 'FLOAT'에서 'int'(으)로 변환하면서 데이터가 손실될 수 있습니다.
     1>d:\project\c++\wowpad\wowdriver\wowdriver.cpp(337): warning C4244: '초기화 중' : 'FLOAT'에서 'int'(으)로 변환하면서 데이터가 손실될 수 있습니다.
     1>d:\project\c++\wowpad\wowdriver\wowdriver.cpp(438): warning C4018: '<' : signed 또는 unsigned가 일치하지 않습니다.
         코드를 생성하고 있습니다...
       Link:
         C:\Program Files (x86)\Microsoft Visual Studio 11.0\VC\bin\link.exe /ERRORREPORT:PROMPT /OUT:"D:\Project\C++\WowPad\Debug\WowDriver.dll" /INCREMENTAL /NOLOGO /LIBPATH:D:\Project\C++\WowPad\Debug\ kernel32.lib user32.lib gdi32.lib winspool.lib comdlg32.lib advapi32.lib shell32.lib ole32.lib oleaut32.lib uuid.lib odbc32.lib odbccp32.lib /MANIFEST /MANIFESTUAC:"level='asInvoker' uiAccess='false'" /manifest:embed /DEBUG /PDB:"D:\Project\C++\WowPad\Debug\WowDriver.pdb" /SUBSYSTEM:WINDOWS /TLBID:1 /DYNAMICBASE /NXCOMPAT /IMPLIB:"D:\Project\C++\WowPad\Debug\WowDriver.lib" /MACHINE:X86 /DLL Debug\dllmain.obj
         Debug\stdafx.obj
         Debug\vmulticlient.obj
         Debug\WowDriver.obj
            D:\Project\C++\WowPad\Debug\WowDriver.lib 라이브러리 및 D:\Project\C++\WowPad\Debug\WowDriver.exp 개체를 생성하고 있습니다.
         WowDriver.vcxproj -> D:\Project\C++\WowPad\Debug\WowDriver.dll
     1>"D:\Project\C++\WowPad\WowDriver\WowDriver.vcxproj" 프로젝트를 빌드했습니다(Build 대상).

빌드했습니다.

경과 시간: 00:00:04.33
