D:\PROJECT\C++\WOWPAD\WOWDRIVER\DEBUG\WOWDRIVER.PCH
D:\PROJECT\C++\WOWPAD\WOWDRIVER\DEBUG\STDAFX.OBJ
D:\PROJECT\C++\WOWPAD\WOWDRIVER\DEBUG\VC110.PDB
D:\PROJECT\C++\WOWPAD\WOWDRIVER\DEBUG\DLLMAIN.OBJ
D:\PROJECT\C++\WOWPAD\WOWDRIVER\DEBUG\VMULTICLIENT.OBJ
D:\PROJECT\C++\WOWPAD\WOWDRIVER\DEBUG\WOWDRIVER.OBJ
D:\PROJECT\C++\WOWPAD\DEBUG\WOWDRIVER.ILK
D:\PROJECT\C++\WOWPAD\DEBUG\WOWDRIVER.DLL
D:\PROJECT\C++\WOWPAD\DEBUG\WOWDRIVER.PDB
D:\Project\C++\WowPad\Debug\WowDriver.lib
D:\Project\C++\WowPad\Debug\WowDriver.exp
D:\Project\C++\WowPad\WowDriver\Debug\dllmain.obj
D:\Project\C++\WowPad\WowDriver\Debug\stdafx.obj
D:\Project\C++\WowPad\WowDriver\Debug\vmulticlient.obj
D:\Project\C++\WowPad\WowDriver\Debug\WowDriver.obj
D:\Project\C++\WowPad\WowDriver\Debug\cl.command.1.tlog
D:\Project\C++\WowPad\WowDriver\Debug\CL.read.1.tlog
D:\Project\C++\WowPad\WowDriver\Debug\CL.write.1.tlog
D:\Project\C++\WowPad\WowDriver\Debug\link-cvtres.read.1.tlog
D:\Project\C++\WowPad\WowDriver\Debug\link-cvtres.write.1.tlog
D:\Project\C++\WowPad\WowDriver\Debug\link-rc.read.1.tlog
D:\Project\C++\WowPad\WowDriver\Debug\link-rc.write.1.tlog
D:\Project\C++\WowPad\WowDriver\Debug\link.command.1.tlog
D:\Project\C++\WowPad\WowDriver\Debug\link.read.1.tlog
D:\Project\C++\WowPad\WowDriver\Debug\link.write.1.tlog
D:\Project\C++\WowPad\WowDriver\Debug\WowDriver.write.1.tlog
D:\Project\C++\WowPad\WowDriver\Debug\WowDriver.pch
D:\Project\C++\WowPad\WowDriver\Debug\vc110.idb
D:\Project\C++\WowPad\WowDriver\Debug\vc110.pdb
D:\Project\C++\WowPad\Debug\WowDriver.pdb
D:\Project\C++\WowPad\Debug\WowDriver.dll
D:\Project\C++\WowPad\Debug\WowDriver.ilk
