D:\PROJECT\C++\WOWPAD\WOWPAD\DEBUG\WOWPAD.PCH
D:\PROJECT\C++\WOWPAD\WOWPAD\DEBUG\STDAFX.OBJ
D:\PROJECT\C++\WOWPAD\WOWPAD\DEBUG\VC110.PDB
D:\PROJECT\C++\WOWPAD\WOWPAD\DEBUG\VSASYNCSOCKETMANAGER.OBJ
D:\PROJECT\C++\WOWPAD\WOWPAD\DEBUG\VSCONFIG.OBJ
D:\PROJECT\C++\WOWPAD\WOWPAD\DEBUG\VSGENERALMESSAGE.OBJ
D:\PROJECT\C++\WOWPAD\WOWPAD\DEBUG\VSINPUTEVENTINJECTOR.OBJ
D:\PROJECT\C++\WOWPAD\WOWPAD\DEBUG\VSKEYBDMESSAGE.OBJ
D:\PROJECT\C++\WOWPAD\WOWPAD\DEBUG\VSMESSAGE.OBJ
D:\PROJECT\C++\WOWPAD\WOWPAD\DEBUG\VSMESSAGEQUEUE.OBJ
D:\PROJECT\C++\WOWPAD\WOWPAD\DEBUG\VSPOINTERMESSAGE.OBJ
D:\PROJECT\C++\WOWPAD\WOWPAD\DEBUG\WOWPAD.OBJ
D:\PROJECT\C++\WOWPAD\DEBUG\WOWPAD.ILK
D:\PROJECT\C++\WOWPAD\DEBUG\WOWPAD.EXE
D:\PROJECT\C++\WOWPAD\DEBUG\WOWPAD.PDB
D:\PROJECT\C++\WOWPAD\WOWPAD\DEBUG\WOWPAD.RES
D:\Project\C++\WowPad\WowPad\Debug\stdafx.obj
D:\Project\C++\WowPad\WowPad\Debug\VsAsyncSocketManager.obj
D:\Project\C++\WowPad\WowPad\Debug\VsConfig.obj
D:\Project\C++\WowPad\WowPad\Debug\VsGeneralMessage.obj
D:\Project\C++\WowPad\WowPad\Debug\VsInputEventInjector.obj
D:\Project\C++\WowPad\WowPad\Debug\VsKeybdMessage.obj
D:\Project\C++\WowPad\WowPad\Debug\VsMessage.obj
D:\Project\C++\WowPad\WowPad\Debug\VsMessageQueue.obj
D:\Project\C++\WowPad\WowPad\Debug\VsPointerMessage.obj
D:\Project\C++\WowPad\WowPad\Debug\WowPad.obj
D:\Project\C++\WowPad\WowPad\Debug\cl.command.1.tlog
D:\Project\C++\WowPad\WowPad\Debug\CL.read.1.tlog
D:\Project\C++\WowPad\WowPad\Debug\CL.write.1.tlog
D:\Project\C++\WowPad\WowPad\Debug\link-cvtres.read.1.tlog
D:\Project\C++\WowPad\WowPad\Debug\link-cvtres.write.1.tlog
D:\Project\C++\WowPad\WowPad\Debug\link-rc.read.1.tlog
D:\Project\C++\WowPad\WowPad\Debug\link-rc.write.1.tlog
D:\Project\C++\WowPad\WowPad\Debug\link.command.1.tlog
D:\Project\C++\WowPad\WowPad\Debug\link.read.1.tlog
D:\Project\C++\WowPad\WowPad\Debug\link.write.1.tlog
D:\Project\C++\WowPad\WowPad\Debug\rc.command.1.tlog
D:\Project\C++\WowPad\WowPad\Debug\rc.read.1.tlog
D:\Project\C++\WowPad\WowPad\Debug\rc.write.1.tlog
D:\Project\C++\WowPad\WowPad\Debug\WowPad.res
D:\Project\C++\WowPad\WowPad\Debug\WowPad.pch
D:\Project\C++\WowPad\WowPad\Debug\vc110.idb
D:\Project\C++\WowPad\WowPad\Debug\vc110.pdb
D:\Project\C++\WowPad\Debug\WowPad.pdb
D:\Project\C++\WowPad\Debug\WowPad.exe
D:\Project\C++\WowPad\Debug\WowPad.ilk
