D:\PROJECT\C++\WOWPAD\WOWDRIVER\RELEASE\WOWDRIVER.PCH
D:\PROJECT\C++\WOWPAD\WOWDRIVER\RELEASE\STDAFX.OBJ
D:\PROJECT\C++\WOWPAD\WOWDRIVER\RELEASE\VC110.PDB
D:\PROJECT\C++\WOWPAD\WOWDRIVER\RELEASE\DLLMAIN.OBJ
D:\PROJECT\C++\WOWPAD\WOWDRIVER\RELEASE\WOWDRIVER.OBJ
D:\PROJECT\C++\WOWPAD\WOWDRIVER\RELEASE\VMULTICLIENT.OBJ
D:\PROJECT\C++\WOWPAD\RELEASE\WOWDRIVER.DLL
D:\PROJECT\C++\WOWPAD\RELEASE\WOWDRIVER.PDB
D:\Project\C++\WowPad\Release\WowDriver.lib
D:\Project\C++\WowPad\Release\WowDriver.exp
D:\Project\C++\WowPad\WowDriver\Release\dllmain.obj
D:\Project\C++\WowPad\WowDriver\Release\stdafx.obj
D:\Project\C++\WowPad\WowDriver\Release\vmulticlient.obj
D:\Project\C++\WowPad\WowDriver\Release\WowDriver.obj
D:\Project\C++\WowPad\WowDriver\Release\cl.command.1.tlog
D:\Project\C++\WowPad\WowDriver\Release\CL.read.1.tlog
D:\Project\C++\WowPad\WowDriver\Release\CL.write.1.tlog
D:\Project\C++\WowPad\WowDriver\Release\link-cvtres.read.1.tlog
D:\Project\C++\WowPad\WowDriver\Release\link-cvtres.write.1.tlog
D:\Project\C++\WowPad\WowDriver\Release\link-rc.read.1.tlog
D:\Project\C++\WowPad\WowDriver\Release\link-rc.write.1.tlog
D:\Project\C++\WowPad\WowDriver\Release\link.command.1.tlog
D:\Project\C++\WowPad\WowDriver\Release\link.read.1.tlog
D:\Project\C++\WowPad\WowDriver\Release\link.write.1.tlog
D:\Project\C++\WowPad\WowDriver\Release\WowDriver.write.1.tlog
D:\Project\C++\WowPad\WowDriver\Release\WowDriver.pch
D:\Project\C++\WowPad\WowDriver\Release\vc110.pdb
D:\Project\C++\WowPad\Release\WowDriver.pdb
D:\Project\C++\WowPad\Release\WowDriver.dll
