빌드 시작: 2013-04-25 오후 9:47:52
     1>2 노드의 "D:\Project\C++\WowPad\WowDriver\WowDriver.vcxproj" 프로젝트(Rebuild 대상)입니다.
     1>ClCompile:
         C:\Program Files (x86)\Microsoft Visual Studio 11.0\VC\bin\CL.exe /c /Zi /nologo /W3 /WX- /sdl /O2 /Oi /Oy- /GL /D WIN32 /D NDEBUG /D _WINDOWS /D _USRDLL /D WOWDRIVER_EXPORTS /D _WINDLL /D _UNICODE /D UNICODE /Gm- /EHsc /MD /GS /Gy /fp:precise /Zc:wchar_t /Zc:forScope /Yc"stdafx.h" /Fp"Release\WowDriver.pch" /Fo"Release\\" /Fd"Release\vc110.pdb" /Gd /TP /analyze- /errorReport:prompt stdafx.cpp
         stdafx.cpp
         C:\Program Files (x86)\Microsoft Visual Studio 11.0\VC\bin\CL.exe /c /Zi /nologo /W3 /WX- /sdl /O2 /Oi /Oy- /GL /D WIN32 /D NDEBUG /D _WINDOWS /D _USRDLL /D WOWDRIVER_EXPORTS /D _WINDLL /D _UNICODE /D UNICODE /Gm- /EHsc /MD /GS /Gy /fp:precise /Zc:wchar_t /Zc:forScope /Fo"Release\\" /Fd"Release\vc110.pdb" /Gd /TP /analyze- /errorReport:prompt dllmain.cpp
         dllmain.cpp
         C:\Program Files (x86)\Microsoft Visual Studio 11.0\VC\bin\CL.exe /c /Zi /nologo /W3 /WX- /sdl /O2 /Oi /Oy- /GL /D WIN32 /D NDEBUG /D _WINDOWS /D _USRDLL /D WOWDRIVER_EXPORTS /D _WINDLL /D _UNICODE /D UNICODE /Gm- /EHsc /MD /GS /Gy /fp:precise /Zc:wchar_t /Zc:forScope /Yu"stdafx.h" /Fp"Release\WowDriver.pch" /Fo"Release\\" /Fd"Release\vc110.pdb" /Gd /TP /analyze- /errorReport:prompt vmulticlient.cpp WowDriver.cpp
         vmulticlient.cpp
         WowDriver.cpp
     1>WowDriver.cpp(438): warning C4018: '<' : signed 또는 unsigned가 일치하지 않습니다.
     1>WowDriver.cpp(471): warning C4018: '<' : signed 또는 unsigned가 일치하지 않습니다.
       Link:
         C:\Program Files (x86)\Microsoft Visual Studio 11.0\VC\bin\link.exe /ERRORREPORT:PROMPT /OUT:"D:\Project\C++\WowPad\Release\WowDriver.dll" /INCREMENTAL:NO /NOLOGO /LIBPATH:D:\Project\C++\WowPad\Release\ kernel32.lib user32.lib gdi32.lib winspool.lib comdlg32.lib advapi32.lib shell32.lib ole32.lib oleaut32.lib uuid.lib odbc32.lib odbccp32.lib /MANIFEST /MANIFESTUAC:"level='asInvoker' uiAccess='false'" /manifest:embed /DEBUG /PDB:"D:\Project\C++\WowPad\Release\WowDriver.pdb" /SUBSYSTEM:WINDOWS /OPT:REF /OPT:ICF /LTCG /TLBID:1 /DYNAMICBASE /NXCOMPAT /IMPLIB:"D:\Project\C++\WowPad\Release\WowDriver.lib" /MACHINE:X86 /SAFESEH /DLL Release\dllmain.obj
         Release\stdafx.obj
         Release\vmulticlient.obj
         Release\WowDriver.obj
            D:\Project\C++\WowPad\Release\WowDriver.lib 라이브러리 및 D:\Project\C++\WowPad\Release\WowDriver.exp 개체를 생성하고 있습니다.
         코드를 생성하고 있습니다.
         코드를 생성했습니다.
         WowDriver.vcxproj -> D:\Project\C++\WowPad\Release\WowDriver.dll
     1>"D:\Project\C++\WowPad\WowDriver\WowDriver.vcxproj" 프로젝트를 빌드했습니다(Rebuild 대상).

빌드했습니다.

경과 시간: 00:00:03.82
