D:\PROJECT\C++\WOWPAD\WOWPAD\RELEASE\WOWPAD.OBJ
D:\PROJECT\C++\WOWPAD\WOWPAD\RELEASE\VSMESSAGEQUEUE.OBJ
D:\PROJECT\C++\WOWPAD\WOWPAD\RELEASE\VSMESSAGE.OBJ
D:\PROJECT\C++\WOWPAD\WOWPAD\RELEASE\VSINPUTEVENTINJECTOR.OBJ
D:\PROJECT\C++\WOWPAD\WOWPAD\RELEASE\VSCONFIG.OBJ
D:\PROJECT\C++\WOWPAD\WOWPAD\RELEASE\VSASYNCSOCKETMANAGER.OBJ
D:\PROJECT\C++\WOWPAD\WOWPAD\RELEASE\WOWPAD.PCH
D:\PROJECT\C++\WOWPAD\WOWPAD\RELEASE\STDAFX.OBJ
D:\PROJECT\C++\WOWPAD\WOWPAD\RELEASE\VC110.PDB
D:\PROJECT\C++\WOWPAD\WOWPAD\RELEASE\VSPOINTERMESSAGE.OBJ
D:\PROJECT\C++\WOWPAD\WOWPAD\RELEASE\VSKEYBDMESSAGE.OBJ
D:\PROJECT\C++\WOWPAD\WOWPAD\RELEASE\VSGENERALMESSAGE.OBJ
D:\PROJECT\C++\WOWPAD\RELEASE\WOWPAD.EXE
D:\PROJECT\C++\WOWPAD\RELEASE\WOWPAD.PDB
D:\PROJECT\C++\WOWPAD\WOWPAD\RELEASE\WOWPAD.RES
D:\Project\C++\WowPad\WowPad\Release\stdafx.obj
D:\Project\C++\WowPad\WowPad\Release\VsAsyncSocketManager.obj
D:\Project\C++\WowPad\WowPad\Release\VsConfig.obj
D:\Project\C++\WowPad\WowPad\Release\VsGeneralMessage.obj
D:\Project\C++\WowPad\WowPad\Release\VsInputEventInjector.obj
D:\Project\C++\WowPad\WowPad\Release\VsKeybdMessage.obj
D:\Project\C++\WowPad\WowPad\Release\VsMessage.obj
D:\Project\C++\WowPad\WowPad\Release\VsMessageQueue.obj
D:\Project\C++\WowPad\WowPad\Release\VsPointerMessage.obj
D:\Project\C++\WowPad\WowPad\Release\WowPad.obj
D:\Project\C++\WowPad\WowPad\Release\cl.command.1.tlog
D:\Project\C++\WowPad\WowPad\Release\CL.read.1.tlog
D:\Project\C++\WowPad\WowPad\Release\CL.write.1.tlog
D:\Project\C++\WowPad\WowPad\Release\link-cvtres.read.1.tlog
D:\Project\C++\WowPad\WowPad\Release\link-cvtres.write.1.tlog
D:\Project\C++\WowPad\WowPad\Release\link-rc.read.1.tlog
D:\Project\C++\WowPad\WowPad\Release\link-rc.write.1.tlog
D:\Project\C++\WowPad\WowPad\Release\link.command.1.tlog
D:\Project\C++\WowPad\WowPad\Release\link.read.1.tlog
D:\Project\C++\WowPad\WowPad\Release\link.write.1.tlog
D:\Project\C++\WowPad\WowPad\Release\rc.command.1.tlog
D:\Project\C++\WowPad\WowPad\Release\rc.read.1.tlog
D:\Project\C++\WowPad\WowPad\Release\rc.write.1.tlog
D:\Project\C++\WowPad\WowPad\Release\WowPad.res
D:\Project\C++\WowPad\WowPad\Release\WowPad.pch
D:\Project\C++\WowPad\WowPad\Release\vc110.pdb
D:\Project\C++\WowPad\Release\WowPad.pdb
