D:\PROJECT\C++\WOWPAD\WOWWRAPPER\RELEASE\WOWWRAPPER.PCH
D:\PROJECT\C++\WOWPAD\WOWWRAPPER\RELEASE\STDAFX.OBJ
D:\PROJECT\C++\WOWPAD\WOWWRAPPER\RELEASE\VC110.PDB
D:\PROJECT\C++\WOWPAD\WOWWRAPPER\RELEASE\DLLMAIN.OBJ
D:\PROJECT\C++\WOWPAD\WOWWRAPPER\RELEASE\WOWWRAPPER.OBJ
D:\PROJECT\C++\WOWPAD\RELEASE\WOWWRAPPER.DLL
D:\PROJECT\C++\WOWPAD\RELEASE\WOWWRAPPER.PDB
D:\Project\C++\WowPad\Release\WowWrapper.lib
D:\Project\C++\WowPad\Release\WowWrapper.exp
D:\Project\C++\WowPad\WowWrapper\Release\dllmain.obj
D:\Project\C++\WowPad\WowWrapper\Release\stdafx.obj
D:\Project\C++\WowPad\WowWrapper\Release\WowWrapper.obj
D:\Project\C++\WowPad\WowWrapper\Release\cl.command.1.tlog
D:\Project\C++\WowPad\WowWrapper\Release\CL.read.1.tlog
D:\Project\C++\WowPad\WowWrapper\Release\CL.write.1.tlog
D:\Project\C++\WowPad\WowWrapper\Release\link-cvtres.read.1.tlog
D:\Project\C++\WowPad\WowWrapper\Release\link-cvtres.write.1.tlog
D:\Project\C++\WowPad\WowWrapper\Release\link-rc.read.1.tlog
D:\Project\C++\WowPad\WowWrapper\Release\link-rc.write.1.tlog
D:\Project\C++\WowPad\WowWrapper\Release\link.command.1.tlog
D:\Project\C++\WowPad\WowWrapper\Release\link.read.1.tlog
D:\Project\C++\WowPad\WowWrapper\Release\link.write.1.tlog
D:\Project\C++\WowPad\WowWrapper\Release\WowWrapper.write.1.tlog
D:\Project\C++\WowPad\WowWrapper\Release\WowWrapper.pch
D:\Project\C++\WowPad\WowWrapper\Release\vc110.pdb
D:\Project\C++\WowPad\Release\WowWrapper.pdb
D:\Project\C++\WowPad\Release\WowWrapper.dll
