D:\PROJECT\C++\WOWPAD\WOWWRAPPER\DEBUG\WOWWRAPPER.PCH
D:\PROJECT\C++\WOWPAD\WOWWRAPPER\DEBUG\STDAFX.OBJ
D:\PROJECT\C++\WOWPAD\WOWWRAPPER\DEBUG\VC110.PDB
D:\PROJECT\C++\WOWPAD\WOWWRAPPER\DEBUG\DLLMAIN.OBJ
D:\PROJECT\C++\WOWPAD\WOWWRAPPER\DEBUG\WOWWRAPPER.OBJ
D:\PROJECT\C++\WOWPAD\DEBUG\WOWWRAPPER.ILK
D:\PROJECT\C++\WOWPAD\DEBUG\WOWWRAPPER.DLL
D:\PROJECT\C++\WOWPAD\DEBUG\WOWWRAPPER.PDB
D:\Project\C++\WowPad\Debug\WowWrapper.lib
D:\Project\C++\WowPad\Debug\WowWrapper.exp
D:\Project\C++\WowPad\WowWrapper\Debug\dllmain.obj
D:\Project\C++\WowPad\WowWrapper\Debug\stdafx.obj
D:\Project\C++\WowPad\WowWrapper\Debug\WowWrapper.obj
D:\Project\C++\WowPad\WowWrapper\Debug\cl.command.1.tlog
D:\Project\C++\WowPad\WowWrapper\Debug\CL.read.1.tlog
D:\Project\C++\WowPad\WowWrapper\Debug\CL.write.1.tlog
D:\Project\C++\WowPad\WowWrapper\Debug\link-cvtres.read.1.tlog
D:\Project\C++\WowPad\WowWrapper\Debug\link-cvtres.write.1.tlog
D:\Project\C++\WowPad\WowWrapper\Debug\link-rc.read.1.tlog
D:\Project\C++\WowPad\WowWrapper\Debug\link-rc.write.1.tlog
D:\Project\C++\WowPad\WowWrapper\Debug\link.command.1.tlog
D:\Project\C++\WowPad\WowWrapper\Debug\link.read.1.tlog
D:\Project\C++\WowPad\WowWrapper\Debug\link.write.1.tlog
D:\Project\C++\WowPad\WowWrapper\Debug\WowWrapper.write.1.tlog
D:\Project\C++\WowPad\WowWrapper\Debug\WowWrapper.pch
D:\Project\C++\WowPad\WowWrapper\Debug\vc110.idb
D:\Project\C++\WowPad\WowWrapper\Debug\vc110.pdb
D:\Project\C++\WowPad\Debug\WowWrapper.pdb
D:\Project\C++\WowPad\Debug\WowWrapper.dll
D:\Project\C++\WowPad\Debug\WowWrapper.ilk
